2023-06-13 15:42:50 Progress: Running:  /usr/local/bin/psfnormalize Dakkhinee.ufo
2023-06-13 15:42:50 Progress: Reading UFO: Dakkhinee.ufo
2023-06-13 15:42:50 Error:    Glyph v contains a single-point contour with no anchor name
2023-06-13 15:42:50 Error:    Glyph w contains a single-point contour with no anchor name
2023-06-13 15:42:50 Progress: Checking fontinfo.plist metadata
2023-06-13 15:42:50 Warning:  Required fields missing from fontinfo.plist: ['openTypeNameManufacturer']
2023-06-13 15:42:50 Warning:  Checking will continue with values of 'Dummy' or 999 for missing fields
2023-06-13 15:42:50 Warning:  openTypeOS2CodePageRanges is missing from fontinfo.plist
2023-06-13 15:42:50 Warning:  openTypeOS2FamilyClass would be removed from fontinfo  Old value: [0, 0]
2023-06-13 15:42:50 Warning:  postscriptBlueScale would be removed from fontinfo  Old value: 0.0208333
2023-06-13 15:42:50 Warning:  postscriptBlueShift would be removed from fontinfo  Old value: 7
2023-06-13 15:42:50 Warning:  postscriptWeightName would be removed from fontinfo  Old value: Regular
2023-06-13 15:42:50 Warning:  guidelines would be removed from fontinfo  Old value: []
2023-06-13 15:42:50 Warning:  openTypeOS2Selection would be added  New value: [7]
2023-06-13 15:42:50 Warning:  openTypeNameUniqueID would be added  New value: Dummy: Dakkhinee Reg...
2023-06-13 15:42:50 Warning:  openTypeHheaAscender would be updated  Old value: 1059, new value: 800
2023-06-13 15:42:50 Warning:  openTypeHheaDescender would be updated  Old value: -256, new value: -200
2023-06-13 15:42:50 Warning:  openTypeNamePreferredFamilyName would be updated  Old value: Dakkhini, new value: Dakkhinee
2023-06-13 15:42:50 Warning:  openTypeOS2TypoAscender would be updated  Old value: 1241, new value: 800
2023-06-13 15:42:50 Warning:  openTypeOS2TypoDescender would be updated  Old value: 438, new value: -200
2023-06-13 15:42:50 Warning:  italicAngle would be removed since it is 0  Old value: 0.0
2023-06-13 15:42:50 Warning:  versionMajor is 0
2023-06-13 15:42:50 Error:    lib.plist missing so not checked by check & fix routines
2023-06-13 15:42:50 Progress: Check & fix results:- Errors: 1, Changes to make: 13, Other warnings: 4
2023-06-13 15:42:50 Progress: See log file for details
2023-06-13 15:42:50 Progress: **** Since some required fields were missing, checkfix=fix would fail
2023-06-13 15:42:50 Progress: Backing up input font to backups/Dakkhinee.ufo.1~
2023-06-13 15:42:50 Progress: Processing font for output
2023-06-13 15:42:50 Progress: Writing font to Dakkhinee.ufo
2023-06-13 15:42:51 Error:    Command completed with 3 errors and 17 warnings
2023-06-13 15:42:51 Progress: See log file for warning messages or rerun with '-p scrlevel=w'
